<?xml version="1.0" encoding="UTF-8"?>
<!-- Generated by org.testng.reporters.JUnitReportReporter -->
<testsuite hostname="Legion-5" failures="0" tests="4" name="qaautomation.may2022.WebTestAfterPOM" time="29.056" errors="0" timestamp="2022-05-22T15:24:25 WIB" skipped="0">
  <testcase classname="qaautomation.may2022.WebTestAfterPOM" name="testLoginFailedWrongUsernameandPassword" time="5.277"/>
  <system-out/>
  <testcase classname="qaautomation.may2022.WebTestAfterPOM" name="testLoginFailedWrongUsername" time="5.818"/>
  <system-out/>
  <testcase classname="qaautomation.may2022.WebTestAfterPOM" name="testLoginFailedWrongPassword" time="9.728"/>
  <system-out/>
  <testcase classname="qaautomation.may2022.WebTestAfterPOM" name="testLogin" time="8.233"/>
  <system-out/>
</testsuite> <!-- qaautomation.may2022.WebTestAfterPOM -->
