<?xml version="1.0" encoding="UTF-8"?>
<!-- Generated by org.testng.reporters.JUnitReportReporter -->
<testsuite hostname="Legion-5" failures="0" tests="1" name="qaautomation.may2022.AppTest" time="0.002" errors="0" timestamp="2022-05-22T13:53:14 WIB" skipped="0">
  <testcase classname="qaautomation.may2022.AppTest" name="shouldAnswerWithTrue" time="0.002"/>
  <system-out/>
</testsuite> <!-- qaautomation.may2022.AppTest -->
