<?xml version="1.0" encoding="UTF-8"?>
<!-- Generated by org.testng.reporters.JUnitReportReporter -->
<testsuite hostname="Legion-5" failures="0" tests="4" name="qaautomation.may2022.APITestAfterRefactor" time="10.853" errors="0" timestamp="2022-05-29T14:47:13 WIB" skipped="0">
  <testcase classname="qaautomation.may2022.APITestAfterRefactor" name="dashboardAPI" time="2.430"/>
  <system-out/>
  <testcase classname="qaautomation.may2022.APITestAfterRefactor" name="userAPI" time="4.655"/>
  <system-out/>
  <testcase classname="qaautomation.may2022.APITestAfterRefactor" name="fakerTest" time="1.583"/>
  <system-out/>
  <testcase classname="qaautomation.may2022.APITestAfterRefactor" name="configAPI" time="2.185"/>
  <system-out/>
</testsuite> <!-- qaautomation.may2022.APITestAfterRefactor -->
