<?xml version="1.0" encoding="UTF-8"?>
<!-- Generated by org.testng.reporters.JUnitReportReporter -->
<testsuite hostname="Legion-5" failures="0" tests="4" name="qaautomation.may2022.WebTestAfterRefactor" time="39.132" errors="0" timestamp="2022-05-22T13:53:14 WIB" skipped="0">
  <testcase classname="qaautomation.may2022.WebTestAfterRefactor" name="testLoginFailedWrongPassword" time="11.130"/>
  <system-out/>
  <testcase classname="qaautomation.may2022.WebTestAfterRefactor" name="testLoginFailedWrongUsernameandPassword" time="6.714"/>
  <system-out/>
  <testcase classname="qaautomation.may2022.WebTestAfterRefactor" name="testLoginFailedWrongUsername" time="11.493"/>
  <system-out/>
  <testcase classname="qaautomation.may2022.WebTestAfterRefactor" name="testLogin" time="9.795"/>
  <system-out/>
</testsuite> <!-- qaautomation.may2022.WebTestAfterRefactor -->
