<?xml version="1.0" encoding="UTF-8"?>
<!-- Generated by org.testng.reporters.JUnitReportReporter -->
<testsuite hostname="Legion-5" failures="0" tests="1" name="qaautomation.may2022.CommonTest" time="12.478" errors="0" timestamp="2022-05-22T15:18:03 WIB" skipped="0">
  <testcase classname="qaautomation.may2022.CommonTest" name="testSwitching" time="12.478"/>
  <system-out/>
</testsuite> <!-- qaautomation.may2022.CommonTest -->
