<?xml version="1.0" encoding="UTF-8"?>
<!-- Generated by org.testng.reporters.JUnitReportReporter -->
<testsuite hostname="Legion-5" failures="0" tests="1" name="qaautomation.may2022.WebTestAfterPageFactory" time="10.574" errors="0" timestamp="2022-05-22T15:01:11 WIB" skipped="0">
  <testcase classname="qaautomation.may2022.WebTestAfterPageFactory" name="testLogin" time="10.574"/>
  <system-out/>
</testsuite> <!-- qaautomation.may2022.WebTestAfterPageFactory -->
