<?xml version="1.0" encoding="UTF-8"?>
<!-- Generated by org.testng.reporters.JUnitReportReporter -->
<testsuite hostname="Legion-5" failures="0" tests="3" name="qaautomation.may2022.APITest" time="6.350" errors="0" timestamp="2022-05-28T14:46:55 WIB" skipped="0">
  <testcase classname="qaautomation.may2022.APITest" name="loginAPI" time="4.100"/>
  <system-out/>
  <testcase classname="qaautomation.may2022.APITest" name="dashboardAPI" time="1.305"/>
  <system-out/>
  <testcase classname="qaautomation.may2022.APITest" name="configAPI" time="0.945"/>
  <system-out/>
</testsuite> <!-- qaautomation.may2022.APITest -->
